<?xml version="1.0" encoding="UTF-8"?>
<!-- Generated by org.testng.reporters.JUnitReportReporter -->
<testsuite hostname="DESKTOP-QT4E40G" failures="0" tests="1" name="xmlParameterization.PractiseTest1" time="0.024" errors="0" timestamp="2023-01-08T11:39:36 IST" skipped="0">
  <testcase classname="xmlParameterization.PractiseTest1" name="demoTest" time="0.024"/>
  <system-out/>
</testsuite> <!-- xmlParameterization.PractiseTest1 -->
